2025-01-17 18:18:16.902 [info] [main] Log level: Info
2025-01-17 18:18:16.902 [info] [main] Validating found git in: "git"
2025-01-17 18:18:16.903 [info] [main] Using git "2.48.0" from "git"
2025-01-17 18:18:16.903 [info] [Model][doInitialScan] Initial repository scan started
2025-01-17 18:18:16.903 [info] > git rev-parse --show-toplevel [11ms]
2025-01-17 18:18:16.903 [info] fatal: not a git repository (or any parent up to mount point /)
Stopping at filesystem boundary (GIT_DISCOVERY_ACROSS_FILESYSTEM not set).
2025-01-17 18:18:16.903 [info] [Model][doInitialScan] Initial repository scan completed - repositories (0), closed repositories (0), parent repositories (0), unsafe repositories (0)
2025-01-17 18:18:43.049 [info] > git rev-parse --show-toplevel [2ms]
2025-01-17 18:18:43.050 [info] fatal: not a git repository (or any parent up to mount point /)
Stopping at filesystem boundary (GIT_DISCOVERY_ACROSS_FILESYSTEM not set).
2025-01-17 18:19:37.760 [info] > git rev-parse --show-toplevel [8ms]
2025-01-17 18:19:37.760 [info] fatal: not a git repository (or any parent up to mount point /)
Stopping at filesystem boundary (GIT_DISCOVERY_ACROSS_FILESYSTEM not set).
2025-01-17 18:19:42.992 [info] > git rev-parse --show-toplevel [1ms]
2025-01-17 18:19:42.992 [info] fatal: not a git repository (or any parent up to mount point /)
Stopping at filesystem boundary (GIT_DISCOVERY_ACROSS_FILESYSTEM not set).
2025-01-17 18:19:45.858 [info] > git rev-parse --show-toplevel [5ms]
2025-01-17 18:19:45.858 [info] fatal: not a git repository (or any parent up to mount point /)
Stopping at filesystem boundary (GIT_DISCOVERY_ACROSS_FILESYSTEM not set).
2025-01-17 18:19:47.301 [info] > git rev-parse --show-toplevel [4ms]
2025-01-17 18:19:47.301 [info] fatal: not a git repository (or any parent up to mount point /)
Stopping at filesystem boundary (GIT_DISCOVERY_ACROSS_FILESYSTEM not set).
2025-01-17 18:19:51.127 [info] > git rev-parse --show-toplevel [1ms]
2025-01-17 18:19:51.127 [info] fatal: not a git repository (or any parent up to mount point /)
Stopping at filesystem boundary (GIT_DISCOVERY_ACROSS_FILESYSTEM not set).
2025-01-17 18:19:51.515 [info] > git rev-parse --show-toplevel [2ms]
2025-01-17 18:19:51.515 [info] fatal: not a git repository (or any parent up to mount point /)
Stopping at filesystem boundary (GIT_DISCOVERY_ACROSS_FILESYSTEM not set).
2025-01-17 18:20:28.444 [info] > git rev-parse --show-toplevel [2ms]
2025-01-17 18:20:28.444 [info] fatal: not a git repository (or any parent up to mount point /)
Stopping at filesystem boundary (GIT_DISCOVERY_ACROSS_FILESYSTEM not set).
2025-01-17 18:32:28.762 [info] > git rev-parse --show-toplevel [2ms]
2025-01-17 18:32:28.762 [info] fatal: not a git repository (or any parent up to mount point /)
Stopping at filesystem boundary (GIT_DISCOVERY_ACROSS_FILESYSTEM not set).
2025-01-17 18:49:01.000 [info] > git rev-parse --show-toplevel [2ms]
2025-01-17 18:49:01.000 [info] fatal: not a git repository (or any parent up to mount point /)
Stopping at filesystem boundary (GIT_DISCOVERY_ACROSS_FILESYSTEM not set).
2025-01-17 20:01:35.425 [info] > git rev-parse --show-toplevel [2ms]
2025-01-17 20:01:35.425 [info] fatal: not a git repository (or any parent up to mount point /)
Stopping at filesystem boundary (GIT_DISCOVERY_ACROSS_FILESYSTEM not set).
2025-01-17 20:12:13.400 [info] > git rev-parse --show-toplevel [2ms]
2025-01-17 20:12:13.400 [info] fatal: not a git repository (or any parent up to mount point /)
Stopping at filesystem boundary (GIT_DISCOVERY_ACROSS_FILESYSTEM not set).
2025-01-17 20:12:17.890 [info] > git rev-parse --show-toplevel [2ms]
2025-01-17 20:12:17.890 [info] fatal: not a git repository (or any parent up to mount point /)
Stopping at filesystem boundary (GIT_DISCOVERY_ACROSS_FILESYSTEM not set).
2025-01-17 20:16:37.157 [info] > git rev-parse --show-toplevel [2ms]
2025-01-17 20:16:37.157 [info] fatal: not a git repository (or any parent up to mount point /)
Stopping at filesystem boundary (GIT_DISCOVERY_ACROSS_FILESYSTEM not set).
2025-01-17 20:16:44.805 [info] > git rev-parse --show-toplevel [2ms]
2025-01-17 20:16:44.805 [info] fatal: not a git repository (or any parent up to mount point /)
Stopping at filesystem boundary (GIT_DISCOVERY_ACROSS_FILESYSTEM not set).
2025-01-17 20:16:55.995 [info] > git rev-parse --show-toplevel [1ms]
2025-01-17 20:16:55.995 [info] fatal: not a git repository (or any parent up to mount point /)
Stopping at filesystem boundary (GIT_DISCOVERY_ACROSS_FILESYSTEM not set).
2025-01-17 20:17:13.615 [info] > git rev-parse --show-toplevel [3ms]
2025-01-17 20:17:13.615 [info] fatal: not a git repository (or any parent up to mount point /)
Stopping at filesystem boundary (GIT_DISCOVERY_ACROSS_FILESYSTEM not set).
2025-01-17 20:20:35.753 [info] > git rev-parse --show-toplevel [2ms]
2025-01-17 20:20:35.753 [info] fatal: not a git repository (or any parent up to mount point /)
Stopping at filesystem boundary (GIT_DISCOVERY_ACROSS_FILESYSTEM not set).
2025-01-17 21:05:57.508 [info] > git rev-parse --show-toplevel [2ms]
2025-01-17 21:05:57.508 [info] fatal: not a git repository (or any parent up to mount point /)
Stopping at filesystem boundary (GIT_DISCOVERY_ACROSS_FILESYSTEM not set).
2025-01-17 21:07:23.851 [info] > git rev-parse --show-toplevel [1ms]
2025-01-17 21:07:23.851 [info] fatal: not a git repository (or any parent up to mount point /)
Stopping at filesystem boundary (GIT_DISCOVERY_ACROSS_FILESYSTEM not set).
2025-01-17 21:17:55.529 [info] > git rev-parse --show-toplevel [2ms]
2025-01-17 21:17:55.529 [info] fatal: not a git repository (or any parent up to mount point /)
Stopping at filesystem boundary (GIT_DISCOVERY_ACROSS_FILESYSTEM not set).
2025-01-17 21:21:40.529 [info] > git rev-parse --show-toplevel [1ms]
2025-01-17 21:21:40.529 [info] fatal: not a git repository (or any parent up to mount point /)
Stopping at filesystem boundary (GIT_DISCOVERY_ACROSS_FILESYSTEM not set).
2025-01-17 21:22:09.271 [info] > git rev-parse --show-toplevel [1ms]
2025-01-17 21:22:09.271 [info] fatal: not a git repository (or any parent up to mount point /)
Stopping at filesystem boundary (GIT_DISCOVERY_ACROSS_FILESYSTEM not set).
2025-01-17 21:22:28.504 [info] > git rev-parse --show-toplevel [2ms]
2025-01-17 21:22:28.504 [info] fatal: not a git repository (or any parent up to mount point /)
Stopping at filesystem boundary (GIT_DISCOVERY_ACROSS_FILESYSTEM not set).
2025-01-17 21:22:53.636 [info] > git rev-parse --show-toplevel [2ms]
2025-01-17 21:22:53.636 [info] fatal: not a git repository (or any parent up to mount point /)
Stopping at filesystem boundary (GIT_DISCOVERY_ACROSS_FILESYSTEM not set).
2025-01-17 21:33:18.408 [info] > git rev-parse --show-toplevel [2ms]
2025-01-17 21:33:18.408 [info] fatal: not a git repository (or any parent up to mount point /)
Stopping at filesystem boundary (GIT_DISCOVERY_ACROSS_FILESYSTEM not set).
