2025-01-17 18:17:15.636 [info] Started initializing default profile extensions in extensions installation folder. file:///home/mateus/.vscode-oss/extensions
2025-01-17 18:17:15.786 [warning] Failed to create default profile extensions manifest in extensions installation folder. file:///home/mateus/.vscode-oss/extensions Unable to create file 'vscode-userdata:/home/mateus/.vscode-oss/extensions/extensions.json' that already exists when overwrite flag is not set
2025-01-17 18:17:15.786 [info] Completed initializing default profile extensions in extensions installation folder. file:///home/mateus/.vscode-oss/extensions
2025-01-17 18:19:23.802 [info] Getting Manifest... equinusocio.vsc-material-theme-icons
2025-01-17 18:19:25.133 [info] Installing extension: equinusocio.vsc-material-theme-icons {"isMachineScoped":false,"installPreReleaseVersion":false,"pinned":false,"profileLocation":{"$mid":1,"external":"vscode-userdata:/home/mateus/.vscode-oss/extensions/extensions.json","path":"/home/mateus/.vscode-oss/extensions/extensions.json","scheme":"vscode-userdata"},"installOnlyNewlyAddedFromExtensionPack":true,"isApplicationScoped":false,"productVersion":{"version":"1.96.2","date":"2025-01-01T12:35:52.102Z"}}
2025-01-17 18:19:29.694 [error] Could not load vsce-sign module Cannot find package '@vscode/vsce-sign' imported from /usr/lib/code/out/vs/code/electron-utility/sharedProcess/sharedProcessMain.js
2025-01-17 18:19:29.694 [info] Extension signature verification is not done: equinusocio.vsc-material-theme-icons
2025-01-17 18:19:32.064 [info] Extracted extension to file:///home/mateus/.vscode-oss/extensions/equinusocio.vsc-material-theme-icons-3.6.1-universal: equinusocio.vsc-material-theme-icons
2025-01-17 18:19:32.271 [info] Renamed to /home/mateus/.vscode-oss/extensions/equinusocio.vsc-material-theme-icons-3.6.1-universal
2025-01-17 18:19:32.328 [info] Extension installed successfully: equinusocio.vsc-material-theme-icons vscode-userdata:/home/mateus/.vscode-oss/extensions/extensions.json
2025-01-17 18:19:32.363 [error] [uncaught exception in sharedProcess]: Error: ENOENT: no such file or directory, stat '/home/mateus/.vscode-oss/extensions/extensions.json.vsctmp': EntryNotFound (FileSystemError): Error: ENOENT: no such file or directory, stat '/home/mateus/.vscode-oss/extensions/extensions.json.vsctmp'
    at Gm.create (file:///usr/lib/code/out/vs/code/electron-utility/sharedProcess/sharedProcessMain.js:35:39624)
    at xs (file:///usr/lib/code/out/vs/code/electron-utility/sharedProcess/sharedProcessMain.js:35:39731)
    at Vr.ib (file:///usr/lib/code/out/vs/code/electron-utility/sharedProcess/sharedProcessMain.js:78:22778)
    at Vr.stat (file:///usr/lib/code/out/vs/code/electron-utility/sharedProcess/sharedProcessMain.js:78:16010)
    at async wh.stat (file:///usr/lib/code/out/vs/code/electron-utility/sharedProcess/sharedProcessMain.js:77:85488)
    at async fh.Ab (file:///usr/lib/code/out/vs/code/electron-utility/sharedProcess/sharedProcessMain.js:77:67180)
2025-01-17 18:19:38.716 [info] Getting Manifest... twin-themes.twin-vsc
2025-01-17 18:19:39.106 [info] Installing extension: twin-themes.twin-vsc {"isMachineScoped":false,"installPreReleaseVersion":false,"pinned":false,"profileLocation":{"$mid":1,"external":"vscode-userdata:/home/mateus/.vscode-oss/extensions/extensions.json","path":"/home/mateus/.vscode-oss/extensions/extensions.json","scheme":"vscode-userdata"},"installOnlyNewlyAddedFromExtensionPack":true,"isApplicationScoped":false,"productVersion":{"version":"1.96.2","date":"2025-01-01T12:35:52.102Z"}}
2025-01-17 18:19:40.069 [error] Could not load vsce-sign module Cannot find package '@vscode/vsce-sign' imported from /usr/lib/code/out/vs/code/electron-utility/sharedProcess/sharedProcessMain.js
2025-01-17 18:19:40.069 [info] Extension signature verification is not done: twin-themes.twin-vsc
2025-01-17 18:19:40.112 [info] Extracted extension to file:///home/mateus/.vscode-oss/extensions/twin-themes.twin-vsc-1.0.4-universal: twin-themes.twin-vsc
2025-01-17 18:19:40.166 [info] Renamed to /home/mateus/.vscode-oss/extensions/twin-themes.twin-vsc-1.0.4-universal
2025-01-17 18:19:40.216 [info] Extension installed successfully: twin-themes.twin-vsc vscode-userdata:/home/mateus/.vscode-oss/extensions/extensions.json
2025-01-17 18:19:40.250 [error] [uncaught exception in sharedProcess]: Error: ENOENT: no such file or directory, stat '/home/mateus/.vscode-oss/extensions/extensions.json.vsctmp': EntryNotFound (FileSystemError): Error: ENOENT: no such file or directory, stat '/home/mateus/.vscode-oss/extensions/extensions.json.vsctmp'
    at Gm.create (file:///usr/lib/code/out/vs/code/electron-utility/sharedProcess/sharedProcessMain.js:35:39624)
    at xs (file:///usr/lib/code/out/vs/code/electron-utility/sharedProcess/sharedProcessMain.js:35:39731)
    at Vr.ib (file:///usr/lib/code/out/vs/code/electron-utility/sharedProcess/sharedProcessMain.js:78:22778)
    at Vr.stat (file:///usr/lib/code/out/vs/code/electron-utility/sharedProcess/sharedProcessMain.js:78:16010)
    at async wh.stat (file:///usr/lib/code/out/vs/code/electron-utility/sharedProcess/sharedProcessMain.js:77:85488)
    at async fh.Ab (file:///usr/lib/code/out/vs/code/electron-utility/sharedProcess/sharedProcessMain.js:77:67180)
