2025-01-17 18:18:09.060 [info] Added views:outline in workbench.view.explorer
2025-01-17 18:18:09.060 [info] Added views:workbench.view.search in workbench.view.search
2025-01-17 18:18:09.060 [info] Added views:workbench.scm in workbench.view.scm
2025-01-17 18:18:09.060 [info] Added views:workbench.panel.markers.view in workbench.panel.markers
2025-01-17 18:18:09.060 [info] Added views:workbench.panel.output in workbench.panel.output
2025-01-17 18:18:09.060 [info] Added views:terminal in terminal
2025-01-17 18:18:09.060 [info] Added views:timeline in workbench.view.explorer
2025-01-17 18:18:09.060 [info] Added views:workbench.explorer.fileView in workbench.view.explorer
2025-01-17 18:18:09.650 [info] Added views:workbench.debug.variablesView,workbench.debug.watchExpressionsView,workbench.debug.callStackView,workbench.debug.breakPointsView in workbench.view.debug
2025-01-17 18:18:09.901 [info] Added views:~remote.forwardedPorts in ~remote.forwardedPortsContainer
2025-01-17 18:18:10.192 [info] Added views:workbench.panel.repl.view in workbench.panel.repl
2025-01-17 18:18:10.194 [info] Removed views:workbench.debug.breakPointsView,workbench.debug.callStackView,workbench.debug.watchExpressionsView,workbench.debug.variablesView from workbench.view.debug
2025-01-17 18:18:10.194 [info] Added views:workbench.debug.welcome in workbench.view.debug
2025-01-17 18:18:46.231 [info] Added views:workbench.views.extensions.installed,workbench.views.extensions.popular,extensions.recommendedList in workbench.view.extensions
2025-01-17 18:18:46.236 [info] Removed views:workbench.views.extensions.popular from workbench.view.extensions
2025-01-17 18:18:46.413 [info] Added views:workbench.views.extensions.popular in workbench.view.extensions
2025-01-17 18:18:53.220 [info] Removed views:extensions.recommendedList,workbench.views.extensions.popular,workbench.views.extensions.installed from workbench.view.extensions
2025-01-17 18:18:53.239 [info] Added views:workbench.views.extensions.marketplace in workbench.view.extensions
2025-01-17 18:30:07.354 [info] Removed views:workbench.views.extensions.marketplace from workbench.view.extensions
2025-01-17 18:30:07.389 [info] Added views:workbench.views.extensions.installed,workbench.views.extensions.popular,extensions.recommendedList in workbench.view.extensions
